<?xml version="1.0" encoding="UTF-8"?>
<!-- Generated by org.testng.reporters.JUnitReportReporter -->
<testsuite hostname="ravis-MacBook-Pro.local" name="twc.Android.Automation.TestCases.smokeTestCases" tests="1" failures="0" timestamp="21 Apr 2016 11:15:29 GMT" time="87.578" errors="0">
  <testcase name="CXTG_Test_Case_Using_Charles" time="87.578" classname="twc.Android.Automation.TestCases.smokeTestCases"/>
</testsuite> <!-- twc.Android.Automation.TestCases.smokeTestCases -->
